Determining if the pthread_create exist failed with the following output:
Change Dir: /homes/iws/idess/403/rakan/build/CMakeFiles/CMakeTmp

Run Build Command(s):/usr/bin/gmake cmTC_5a73e/fast 
/usr/bin/gmake -f CMakeFiles/cmTC_5a73e.dir/build.make CMakeFiles/cmTC_5a73e.dir/build
gmake[1]: Entering directory `/homes/iws/idess/403/rakan/build/CMakeFiles/CMakeTmp'
Building C object CMakeFiles/cmTC_5a73e.dir/CheckSymbolExists.c.o
/opt/rh/devtoolset-7/root/usr/bin/cc    -o CMakeFiles/cmTC_5a73e.dir/CheckSymbolExists.c.o   -c /homes/iws/idess/403/rakan/build/CMakeFiles/CMakeTmp/CheckSymbolExists.c
Linking C executable cmTC_5a73e
/usr/bin/cmake3 -E cmake_link_script CMakeFiles/cmTC_5a73e.dir/link.txt --verbose=1
/opt/rh/devtoolset-7/root/usr/bin/cc      -rdynamic CMakeFiles/cmTC_5a73e.dir/CheckSymbolExists.c.o  -o cmTC_5a73e 
CMakeFiles/cmTC_5a73e.dir/CheckSymbolExists.c.o: In function `main':
CheckSymbolExists.c:(.text+0x16): undefined reference to `pthread_create'
collect2: error: ld returned 1 exit status
gmake[1]: *** [cmTC_5a73e] Error 1
gmake[1]: Leaving directory `/homes/iws/idess/403/rakan/build/CMakeFiles/CMakeTmp'
gmake: *** [cmTC_5a73e/fast] Error 2

File /homes/iws/idess/403/rakan/build/CMakeFiles/CMakeTmp/CheckSymbolExists.c:
/* */
#include <pthread.h>

int main(int argc, char** argv)
{
  (void)argv;
#ifndef pthread_create
  return ((int*)(&pthread_create))[argc];
#else
  (void)argc;
  return 0;
#endif
}

Determining if the function pthread_create exists in the pthreads failed with the following output:
Change Dir: /homes/iws/idess/403/rakan/build/CMakeFiles/CMakeTmp

Run Build Command(s):/usr/bin/gmake cmTC_a2acd/fast 
/usr/bin/gmake -f CMakeFiles/cmTC_a2acd.dir/build.make CMakeFiles/cmTC_a2acd.dir/build
gmake[1]: Entering directory `/homes/iws/idess/403/rakan/build/CMakeFiles/CMakeTmp'
Building C object CMakeFiles/cmTC_a2acd.dir/CheckFunctionExists.c.o
/opt/rh/devtoolset-7/root/usr/bin/cc   -DCHECK_FUNCTION_EXISTS=pthread_create   -o CMakeFiles/cmTC_a2acd.dir/CheckFunctionExists.c.o   -c /usr/share/cmake3/Modules/CheckFunctionExists.c
Linking C executable cmTC_a2acd
/usr/bin/cmake3 -E cmake_link_script CMakeFiles/cmTC_a2acd.dir/link.txt --verbose=1
/opt/rh/devtoolset-7/root/usr/bin/cc  -DCHECK_FUNCTION_EXISTS=pthread_create    -rdynamic CMakeFiles/cmTC_a2acd.dir/CheckFunctionExists.c.o  -o cmTC_a2acd -lpthreads 
/opt/rh/devtoolset-7/root/usr/libexec/gcc/x86_64-redhat-linux/7/ld: cannot find -lpthreads
collect2: error: ld returned 1 exit status
gmake[1]: *** [cmTC_a2acd] Error 1
gmake[1]: Leaving directory `/homes/iws/idess/403/rakan/build/CMakeFiles/CMakeTmp'
gmake: *** [cmTC_a2acd/fast] Error 2


